<?xml version="1.0" encoding="UTF-8"?>
<!-- Generated by org.testng.reporters.JUnitXMLReporter -->
<testsuite ignored="0" hostname="Naresh" failures="1" tests="2" name="Test" time="31.653" errors="0" timestamp="2025-05-12T16:22:42 GMT-04:00">
  <testcase classname="testCases.TC_LoginTest" name="verify_user_login" time="4.372"/>
  <testcase classname="testCases.TC0004_SearchByConsultant" name="verifySearchWithValidConsultant" time="5.289">
    <failure type="org.openqa.selenium.StaleElementReferenceException" message="stale element reference: stale element not found in the current frame
  (Session info: chrome=136.0.7103.93)
For documentation on this error, please visit: https://www.selenium.dev/documentation/webdriver/troubleshooting/errors#stale-element-reference-exception
Build info: version: &amp;apos;4.20.0&amp;apos;, revision: &amp;apos;866c76ca80&amp;apos;
System info: os.name: &amp;apos;Windows 11&amp;apos;, os.arch: &amp;apos;amd64&amp;apos;, os.version: &amp;apos;10.0&amp;apos;, java.version: &amp;apos;11.0.19&amp;apos;
Driver info: org.openqa.selenium.remote.RemoteWebDriver
Command: [30c1723e499b75c0b801f621a13fe39b, getElementText {id=f.09E3485E2C55C739302C9A987CDA919B.d.3F5D7259CA0E81BA4B61FD1F97C5528B.e.158}]
Capabilities {acceptInsecureCerts: false, browserName: chrome, browserVersion: 136.0.7103.93, chrome: {chromedriverVersion: 136.0.7103.92 (cb81a4cc5087..., userDataDir: C:\Users\naresh\AppData\Loc...}, fedcm:accounts: true, goog:chromeOptions: {debuggerAddress: localhost:63284}, networkConnectionEnabled: false, pageLoadStrategy: normal, platformName: Windows 11, proxy: Proxy(), se:bidiEnabled: false, se:cdp: ws://10.10.1.85:4444/sessio..., se:cdpVersion: 136.0.7103.93, setWindowRect: true, strictFileInteractability: false, timeouts: {implicit: 0, pageLoad: 300000, script: 30000}, unhandledPromptBehavior: dismiss and notify, webauthn:extension:credBlob: true, webauthn:extension:largeBlob: true, webauthn:extension:minPinLength: true, webauthn:extension:prf: true, webauthn:virtualAuthenticators: true}
Element: [[RemoteWebDriver: chrome on Windows 11 (30c1723e499b75c0b801f621a13fe39b)] -&amp;gt; xpath: (//tbody[@class=&amp;apos;p-element p-datatable-tbody&amp;apos;]//td[@title=&amp;apos;Hasini Amara&amp;apos;]//span)[1]]
Session ID: 30c1723e499b75c0b801f621a13fe39b">
      <![CDATA[org.openqa.selenium.StaleElementReferenceException: stale element reference: stale element not found in the current frame
  (Session info: chrome=136.0.7103.93)
For documentation on this error, please visit: https://www.selenium.dev/documentation/webdriver/troubleshooting/errors#stale-element-reference-exception
Build info: version: '4.20.0', revision: '866c76ca80'
System info: os.name: 'Windows 11', os.arch: 'amd64', os.version: '10.0', java.version: '11.0.19'
Driver info: org.openqa.selenium.remote.RemoteWebDriver
Command: [30c1723e499b75c0b801f621a13fe39b, getElementText {id=f.09E3485E2C55C739302C9A987CDA919B.d.3F5D7259CA0E81BA4B61FD1F97C5528B.e.158}]
Capabilities {acceptInsecureCerts: false, browserName: chrome, browserVersion: 136.0.7103.93, chrome: {chromedriverVersion: 136.0.7103.92 (cb81a4cc5087..., userDataDir: C:\Users\naresh\AppData\Loc...}, fedcm:accounts: true, goog:chromeOptions: {debuggerAddress: localhost:63284}, networkConnectionEnabled: false, pageLoadStrategy: normal, platformName: Windows 11, proxy: Proxy(), se:bidiEnabled: false, se:cdp: ws://10.10.1.85:4444/sessio..., se:cdpVersion: 136.0.7103.93, setWindowRect: true, strictFileInteractability: false, timeouts: {implicit: 0, pageLoad: 300000, script: 30000}, unhandledPromptBehavior: dismiss and notify, webauthn:extension:credBlob: true, webauthn:extension:largeBlob: true, webauthn:extension:minPinLength: true, webauthn:extension:prf: true, webauthn:virtualAuthenticators: true}
Element: [[RemoteWebDriver: chrome on Windows 11 (30c1723e499b75c0b801f621a13fe39b)] -> xpath: (//tbody[@class='p-element p-datatable-tbody']//td[@title='Hasini Amara']//span)[1]]
Session ID: 30c1723e499b75c0b801f621a13fe39b
at org.openqa.selenium.remote.ErrorCodec.decode(ErrorCodec.java:167)
at org.openqa.selenium.remote.codec.w3c.W3CHttpResponseCodec.decode(W3CHttpResponseCodec.java:138)
at org.openqa.selenium.remote.codec.w3c.W3CHttpResponseCodec.decode(W3CHttpResponseCodec.java:50)
at org.openqa.selenium.remote.HttpCommandExecutor.execute(HttpCommandExecutor.java:190)
at org.openqa.selenium.remote.TracedCommandExecutor.execute(TracedCommandExecutor.java:51)
at org.openqa.selenium.remote.RemoteWebDriver.execute(RemoteWebDriver.java:518)
at org.openqa.selenium.remote.RemoteWebElement.execute(RemoteWebElement.java:223)
at org.openqa.selenium.remote.RemoteWebElement.getText(RemoteWebElement.java:191)
at org.openqa.selenium.support.pagefactory.internal.LocatingElementHandler.invoke(LocatingElementHandler.java:51)
at com.sun.proxy.$Proxy27.getText(Unknown Source)
at pageObjects.ConsultantsPage.retrieveConsultantSearchResult(ConsultantsPage.java:45)
at testCases.TC0004_SearchByConsultant.verifySearchWithValidConsultant(TC0004_SearchByConsultant.java:28)
at java.base/java.util.ArrayList.forEach(ArrayList.java:1541)
... Removed 39 stack frames]]>
    </failure>
  </testcase> <!-- verifySearchWithValidConsultant -->
</testsuite> <!-- Test -->
