<?xml version="1.0" encoding="UTF-8"?>
<testng-results ignored="0" total="2" passed="2" failed="0" skipped="0">
  <reporter-output>
  </reporter-output>
  <suite started-at="2025-05-12T12:04:16 GMT-04:00" name=" Master Suite" finished-at="2025-05-12T12:04:46 GMT-04:00" duration-ms="30023">
    <groups>
      <group name="Master">
        <method signature="TC0004_SearchByConsultant.verifySearchWithValidConsultant()[pri:0, instance:testCases.TC0004_SearchByConsultant@71def8f8]" name="verifySearchWithValidConsultant" class="testCases.TC0004_SearchByConsultant"/>
        <method signature="TC_LoginTest.verify_user_login()[pri:0, instance:testCases.TC_LoginTest@3d6f0054]" name="verify_user_login" class="testCases.TC_LoginTest"/>
      </group> <!-- Master -->
      <group name="Sanity">
        <method signature="TC_LoginTest.verify_user_login()[pri:0, instance:testCases.TC_LoginTest@3d6f0054]" name="verify_user_login" class="testCases.TC_LoginTest"/>
      </group> <!-- Sanity -->
      <group name="Regression">
        <method signature="TC0004_SearchByConsultant.verifySearchWithValidConsultant()[pri:0, instance:testCases.TC0004_SearchByConsultant@71def8f8]" name="verifySearchWithValidConsultant" class="testCases.TC0004_SearchByConsultant"/>
      </group> <!-- Regression -->
    </groups>
    <test started-at="2025-05-12T12:04:16 GMT-04:00" name="Test" finished-at="2025-05-12T12:04:46 GMT-04:00" duration-ms="30023">
      <class name="testCases.TC0004_SearchByConsultant">
        <test-method is-config="true" signature="setup(java.lang.String,java.lang.String)[pri:0, instance:testCases.TC0004_SearchByConsultant@71def8f8]" started-at="2025-05-12T12:04:31 GMT-04:00" name="setup" finished-at="2025-05-12T12:04:39 GMT-04:00" duration-ms="7295" status="PASS">
          <params>
            <param index="0">
              <value>
                <![CDATA[Windows]]>
              </value>
            </param>
            <param index="1">
              <value>
                <![CDATA[chrome]]>
              </value>
            </param>
          </params>
          <reporter-output>
          </reporter-output>
        </test-method> <!-- setup -->
        <test-method signature="verifySearchWithValidConsultant()[pri:0, instance:testCases.TC0004_SearchByConsultant@71def8f8]" started-at="2025-05-12T12:04:39 GMT-04:00" name="verifySearchWithValidConsultant" finished-at="2025-05-12T12:04:44 GMT-04:00" duration-ms="5574" status="PASS">
          <reporter-output>
          </reporter-output>
        </test-method> <!-- verifySearchWithValidConsultant -->
        <test-method is-config="true" signature="tearDown()[pri:0, instance:testCases.TC0004_SearchByConsultant@71def8f8]" started-at="2025-05-12T12:04:44 GMT-04:00" name="tearDown" finished-at="2025-05-12T12:04:46 GMT-04:00" duration-ms="2030" status="PASS">
          <reporter-output>
          </reporter-output>
        </test-method> <!-- tearDown -->
      </class> <!-- testCases.TC0004_SearchByConsultant -->
      <class name="testCases.TC_LoginTest">
        <test-method is-config="true" signature="setup(java.lang.String,java.lang.String)[pri:0, instance:testCases.TC_LoginTest@3d6f0054]" started-at="2025-05-12T12:04:17 GMT-04:00" name="setup" finished-at="2025-05-12T12:04:26 GMT-04:00" duration-ms="9026" status="PASS">
          <params>
            <param index="0">
              <value>
                <![CDATA[Windows]]>
              </value>
            </param>
            <param index="1">
              <value>
                <![CDATA[chrome]]>
              </value>
            </param>
          </params>
          <reporter-output>
          </reporter-output>
        </test-method> <!-- setup -->
        <test-method signature="verify_user_login()[pri:0, instance:testCases.TC_LoginTest@3d6f0054]" started-at="2025-05-12T12:04:26 GMT-04:00" name="verify_user_login" finished-at="2025-05-12T12:04:30 GMT-04:00" duration-ms="4625" status="PASS">
          <reporter-output>
          </reporter-output>
        </test-method> <!-- verify_user_login -->
        <test-method is-config="true" signature="tearDown()[pri:0, instance:testCases.TC_LoginTest@3d6f0054]" started-at="2025-05-12T12:04:30 GMT-04:00" name="tearDown" finished-at="2025-05-12T12:04:31 GMT-04:00" duration-ms="992" status="PASS">
          <reporter-output>
          </reporter-output>
        </test-method> <!-- tearDown -->
      </class> <!-- testCases.TC_LoginTest -->
    </test> <!-- Test -->
  </suite> <!--  Master Suite -->
</testng-results>
