<?xml version="1.0" encoding="UTF-8"?>
<testng-results ignored="0" total="2" passed="2" failed="0" skipped="0">
  <reporter-output>
  </reporter-output>
  <suite started-at="2025-05-06T15:04:16 GMT-04:00" name=" Master Suite" finished-at="2025-05-06T15:04:36 GMT-04:00" duration-ms="19371">
    <groups>
      <group name="Master">
        <method signature="TC0004_SearchByConsultant.verifySearchWithValidConsultant()[pri:0, instance:testCases.TC0004_SearchByConsultant@3c7f66c4]" name="verifySearchWithValidConsultant" class="testCases.TC0004_SearchByConsultant"/>
        <method signature="TC_LoginTest.verify_user_login()[pri:0, instance:testCases.TC_LoginTest@57cf54e1]" name="verify_user_login" class="testCases.TC_LoginTest"/>
      </group> <!-- Master -->
      <group name="Sanity">
        <method signature="TC_LoginTest.verify_user_login()[pri:0, instance:testCases.TC_LoginTest@57cf54e1]" name="verify_user_login" class="testCases.TC_LoginTest"/>
      </group> <!-- Sanity -->
      <group name="Regression">
        <method signature="TC0004_SearchByConsultant.verifySearchWithValidConsultant()[pri:0, instance:testCases.TC0004_SearchByConsultant@3c7f66c4]" name="verifySearchWithValidConsultant" class="testCases.TC0004_SearchByConsultant"/>
      </group> <!-- Regression -->
    </groups>
    <test started-at="2025-05-06T15:04:16 GMT-04:00" name="Test" finished-at="2025-05-06T15:04:36 GMT-04:00" duration-ms="19371">
      <class name="testCases.TC0004_SearchByConsultant">
        <test-method is-config="true" signature="setup(java.lang.String,java.lang.String)[pri:0, instance:testCases.TC0004_SearchByConsultant@3c7f66c4]" started-at="2025-05-06T15:04:27 GMT-04:00" name="setup" finished-at="2025-05-06T15:04:31 GMT-04:00" duration-ms="4350" status="PASS">
          <params>
            <param index="0">
              <value>
                <![CDATA[Windows]]>
              </value>
            </param>
            <param index="1">
              <value>
                <![CDATA[chrome]]>
              </value>
            </param>
          </params>
          <reporter-output>
          </reporter-output>
        </test-method> <!-- setup -->
        <test-method signature="verifySearchWithValidConsultant()[pri:0, instance:testCases.TC0004_SearchByConsultant@3c7f66c4]" started-at="2025-05-06T15:04:31 GMT-04:00" name="verifySearchWithValidConsultant" finished-at="2025-05-06T15:04:35 GMT-04:00" duration-ms="4029" status="PASS">
          <reporter-output>
          </reporter-output>
        </test-method> <!-- verifySearchWithValidConsultant -->
        <test-method is-config="true" signature="tearDown()[pri:0, instance:testCases.TC0004_SearchByConsultant@3c7f66c4]" started-at="2025-05-06T15:04:35 GMT-04:00" name="tearDown" finished-at="2025-05-06T15:04:36 GMT-04:00" duration-ms="389" status="PASS">
          <reporter-output>
          </reporter-output>
        </test-method> <!-- tearDown -->
      </class> <!-- testCases.TC0004_SearchByConsultant -->
      <class name="testCases.TC_LoginTest">
        <test-method is-config="true" signature="setup(java.lang.String,java.lang.String)[pri:0, instance:testCases.TC_LoginTest@57cf54e1]" started-at="2025-05-06T15:04:17 GMT-04:00" name="setup" finished-at="2025-05-06T15:04:23 GMT-04:00" duration-ms="5877" status="PASS">
          <params>
            <param index="0">
              <value>
                <![CDATA[Windows]]>
              </value>
            </param>
            <param index="1">
              <value>
                <![CDATA[chrome]]>
              </value>
            </param>
          </params>
          <reporter-output>
          </reporter-output>
        </test-method> <!-- setup -->
        <test-method signature="verify_user_login()[pri:0, instance:testCases.TC_LoginTest@57cf54e1]" started-at="2025-05-06T15:04:23 GMT-04:00" name="verify_user_login" finished-at="2025-05-06T15:04:27 GMT-04:00" duration-ms="3934" status="PASS">
          <reporter-output>
          </reporter-output>
        </test-method> <!-- verify_user_login -->
        <test-method is-config="true" signature="tearDown()[pri:0, instance:testCases.TC_LoginTest@57cf54e1]" started-at="2025-05-06T15:04:27 GMT-04:00" name="tearDown" finished-at="2025-05-06T15:04:27 GMT-04:00" duration-ms="419" status="PASS">
          <reporter-output>
          </reporter-output>
        </test-method> <!-- tearDown -->
      </class> <!-- testCases.TC_LoginTest -->
    </test> <!-- Test -->
  </suite> <!--  Master Suite -->
</testng-results>
